ISim log file
Running: C:\users\crossover\Desktop\My Mac Desktop\CC311_S1617_14100251\SingleCycle_S1617_14100251_isim_beh.exe -intstyle ise -gui -tclbatch isim.cmd -wdb C:/users/crossover/Desktop/My Mac Desktop/CC311_S1617_14100251/SingleCycle_S1617_14100251_isim_beh.wdb 
ISim P.20131013 (signature 0x8ef4fb42)
This is a Full version of ISim.
Time resolution is 1 ps
# onerror resume
# wave add /
# run 1000 ns
Simulator is doing circuit initialization process.
at 0 ps, Instance /singlecycle_s1617_14100251/Inst_Adder1_S1617_14100251/ : Warning: There is an 'U'|'X'|'W'|'Z'|'-' in an arithmetic operand, the result will be 'X'(es).
at 0 ps, Instance /singlecycle_s1617_14100251/Inst_InstructionMemory_S1617_14100251/ : Warning: CONV_INTEGER: There is an 'U'|'X'|'W'|'Z'|'-' in an arithmetic operand, and it has been converted to 0.
at 0 ps, Instance /singlecycle_s1617_14100251/Inst_InstructionMemory_S1617_14100251/ : Warning: CONV_INTEGER: There is an 'U'|'X'|'W'|'Z'|'-' in an arithmetic operand, and it has been converted to 0.
at 0 ps, Instance /singlecycle_s1617_14100251/Inst_InstructionMemory_S1617_14100251/ : Warning: CONV_INTEGER: There is an 'U'|'X'|'W'|'Z'|'-' in an arithmetic operand, and it has been converted to 0.
at 0 ps, Instance /singlecycle_s1617_14100251/Inst_InstructionMemory_S1617_14100251/ : Warning: CONV_INTEGER: There is an 'U'|'X'|'W'|'Z'|'-' in an arithmetic operand, and it has been converted to 0.
at 0 ps, Instance /singlecycle_s1617_14100251/Inst_RegisterFile_S1617_14100251/ : Warning: CONV_INTEGER: There is an 'U'|'X'|'W'|'Z'|'-' in an arithmetic operand, and it has been converted to 0.
at 0 ps, Instance /singlecycle_s1617_14100251/Inst_RegisterFile_S1617_14100251/ : Warning: CONV_INTEGER: There is an 'U'|'X'|'W'|'Z'|'-' in an arithmetic operand, and it has been converted to 0.
Finished circuit initialization process.
at 0 ps, Instance /singlecycle_s1617_14100251/Inst_InstructionMemory_S1617_14100251/ : Warning: CONV_INTEGER: There is an 'U'|'X'|'W'|'Z'|'-' in an arithmetic operand, and it has been converted to 0.
at 0 ps, Instance /singlecycle_s1617_14100251/Inst_InstructionMemory_S1617_14100251/ : Warning: CONV_INTEGER: There is an 'U'|'X'|'W'|'Z'|'-' in an arithmetic operand, and it has been converted to 0.
at 0 ps, Instance /singlecycle_s1617_14100251/Inst_InstructionMemory_S1617_14100251/ : Warning: CONV_INTEGER: There is an 'U'|'X'|'W'|'Z'|'-' in an arithmetic operand, and it has been converted to 0.
at 0 ps, Instance /singlecycle_s1617_14100251/Inst_InstructionMemory_S1617_14100251/ : Warning: CONV_INTEGER: There is an 'U'|'X'|'W'|'Z'|'-' in an arithmetic operand, and it has been converted to 0.
# isim force add /singlecycle_s1617_14100251/clkmain 1 -radix bin -value 0 -radix bin -time 25 ns -repeat 50 ns
# put pcoutput 0 -radix dec
# run
# run
# run
# run
# run
# run
# run
at 1650 ns(4), Instance /singlecycle_s1617_14100251/Inst_RegisterFile_S1617_14100251/ : Warning: CONV_INTEGER: There is an 'U'|'X'|'W'|'Z'|'-' in an arithmetic operand, and it has been converted to 0.
at 1650 ns(4), Instance /singlecycle_s1617_14100251/Inst_RegisterFile_S1617_14100251/ : Warning: CONV_INTEGER: There is an 'U'|'X'|'W'|'Z'|'-' in an arithmetic operand, and it has been converted to 0.
at 1650 ns(4), Instance /singlecycle_s1617_14100251/Inst_RegisterFile_S1617_14100251/ : Warning: CONV_INTEGER: There is an 'U'|'X'|'W'|'Z'|'-' in an arithmetic operand, and it has been converted to 0.
at 1650 ns(7), Instance /singlecycle_s1617_14100251/Inst_RegisterFile_S1617_14100251/ : Warning: CONV_INTEGER: There is an 'U'|'X'|'W'|'Z'|'-' in an arithmetic operand, and it has been converted to 0.
at 1650 ns(7), Instance /singlecycle_s1617_14100251/Inst_RegisterFile_S1617_14100251/ : Warning: CONV_INTEGER: There is an 'U'|'X'|'W'|'Z'|'-' in an arithmetic operand, and it has been converted to 0.
at 1650 ns(7), Instance /singlecycle_s1617_14100251/Inst_RegisterFile_S1617_14100251/ : Warning: CONV_INTEGER: There is an 'U'|'X'|'W'|'Z'|'-' in an arithmetic operand, and it has been converted to 0.
